[INFO   ] Logger: Record log in C:\Users\Sthofy\OneDrive\Dokumentumok\Programming\Python\F1GuessThePoleTime\Program/conf\logs\kivy_22-09-20_20.txt
[INFO   ] deps: Successfully imported "kivy_deps.angle" 0.3.2
[INFO   ] deps: Successfully imported "kivy_deps.glew" 0.3.1
[INFO   ] deps: Successfully imported "kivy_deps.sdl2" 0.4.5
[INFO   ] Kivy: v2.1.0
[INFO   ] Kivy: Installed at "C:\Users\Sthofy\AppData\Local\Programs\Python\Python310\lib\site-packages\kivy\__init__.py"
[INFO   ] Python: v3.10.7 (tags/v3.10.7:6cc6b13, Sep  5 2022, 14:08:36) [MSC v.1933 64 bit (AMD64)]
[INFO   ] Python: Interpreter at "C:\Users\Sthofy\AppData\Local\Programs\Python\Python310\python.exe"
[INFO   ] Logger: Purge log fired. Processing...
[INFO   ] Logger: Purge finished!
[INFO   ] KivyMD: 1.0.2, git-38fe356, 2022-08-11 (installed at "C:\Users\Sthofy\AppData\Local\Programs\Python\Python310\lib\site-packages\kivymd\__init__.py")
[INFO   ] Factory: 189 symbols loaded
[INFO   ] Image: Providers: img_tex, img_dds, img_sdl2, img_pil (img_ffpyplayer ignored)
[INFO   ] Text: Provider: sdl2
[INFO   ] Window: Provider: sdl2
[INFO   ] GL: Using the "OpenGL" graphics system
[INFO   ] GL: GLEW initialization succeeded
[INFO   ] GL: Backend used <glew>
[INFO   ] GL: OpenGL version <b'4.6.0 Compatibility Profile Context 22.8.2.220819'>
[INFO   ] GL: OpenGL vendor <b'ATI Technologies Inc.'>
[INFO   ] GL: OpenGL renderer <b'AMD Radeon RX 6600 XT'>
[INFO   ] GL: OpenGL parsed version: 4, 6
[INFO   ] GL: Shading version <b'4.60'>
[INFO   ] GL: Texture max size <16384>
[INFO   ] GL: Texture max units <32>
[INFO   ] Window: auto add sdl2 input provider
[INFO   ] Window: virtual keyboard not allowed, single mode, not docked
[WARNING] stderr: Traceback (most recent call last):
[WARNING] stderr:   File "C:\Users\Sthofy\AppData\Local\Programs\Python\Python310\lib\site-packages\kivymd\theming.py", line 1495, in __init__
[WARNING] stderr:     App.get_running_app().property("theme_cls", True),
[WARNING] stderr: AttributeError: 'NoneType' object has no attribute 'property'
[WARNING] stderr: 
[WARNING] stderr: During handling of the above exception, another exception occurred:
[WARNING] stderr: 
[WARNING] stderr: Traceback (most recent call last):
[WARNING] stderr:   File "C:\Users\Sthofy\OneDrive\Dokumentumok\Programming\Python\F1GuessThePoleTime\Program\main.py", line 12, in <module>
[WARNING] stderr:     screens = [LoginWidget(name="login"), MainWidget(name='main')]
[WARNING] stderr:   File "C:\Users\Sthofy\AppData\Local\Programs\Python\Python310\lib\site-packages\kivy\uix\relativelayout.py", line 274, in __init__
[WARNING] stderr:     super(RelativeLayout, self).__init__(**kw)
[WARNING] stderr:   File "C:\Users\Sthofy\AppData\Local\Programs\Python\Python310\lib\site-packages\kivy\uix\floatlayout.py", line 65, in __init__
[WARNING] stderr:     super(FloatLayout, self).__init__(**kwargs)
[WARNING] stderr:   File "C:\Users\Sthofy\AppData\Local\Programs\Python\Python310\lib\site-packages\kivy\uix\layout.py", line 76, in __init__
[WARNING] stderr:     super(Layout, self).__init__(**kwargs)
[WARNING] stderr:   File "C:\Users\Sthofy\AppData\Local\Programs\Python\Python310\lib\site-packages\kivy\uix\widget.py", line 366, in __init__
[WARNING] stderr:     self.apply_class_lang_rules(
[WARNING] stderr:   File "C:\Users\Sthofy\AppData\Local\Programs\Python\Python310\lib\site-packages\kivy\uix\widget.py", line 470, in apply_class_lang_rules
[WARNING] stderr:     Builder.apply(
[WARNING] stderr:   File "C:\Users\Sthofy\AppData\Local\Programs\Python\Python310\lib\site-packages\kivy\lang\builder.py", line 540, in apply
[WARNING] stderr:     self._apply_rule(
[WARNING] stderr:   File "C:\Users\Sthofy\AppData\Local\Programs\Python\Python310\lib\site-packages\kivy\lang\builder.py", line 658, in _apply_rule
[WARNING] stderr:     child = cls(__no_builder=True)
[WARNING] stderr:   File "C:\Users\Sthofy\AppData\Local\Programs\Python\Python310\lib\site-packages\kivymd\uix\textfield\textfield.py", line 869, in __init__
[WARNING] stderr:     self.set_objects_labels()
[WARNING] stderr:   File "C:\Users\Sthofy\AppData\Local\Programs\Python\Python310\lib\site-packages\kivymd\uix\textfield\textfield.py", line 1143, in set_objects_labels
[WARNING] stderr:     self._helper_text_label = TextfieldLabel(
[WARNING] stderr:   File "C:\Users\Sthofy\AppData\Local\Programs\Python\Python310\lib\site-packages\kivymd\uix\textfield\textfield.py", line 381, in __init__
[WARNING] stderr:     super().__init__(**kwargs)
[WARNING] stderr:   File "C:\Users\Sthofy\AppData\Local\Programs\Python\Python310\lib\site-packages\kivymd\theming.py", line 1503, in __init__
[WARNING] stderr:     raise ValueError(
[WARNING] stderr: ValueError: KivyMD: App object must be initialized before loading root widget. See https://github.com/kivymd/KivyMD/wiki/Modules-Material-App#exceptions
