[INFO   ] Logger: Record log in C:\Users\Sthofy\OneDrive\Dokumentumok\Programming\Python\F1GuessThePoleTime\Program/conf\logs\kivy_22-09-20_51.txt
[INFO   ] deps: Successfully imported "kivy_deps.angle" 0.3.2
[INFO   ] deps: Successfully imported "kivy_deps.glew" 0.3.1
[INFO   ] deps: Successfully imported "kivy_deps.sdl2" 0.4.5
[INFO   ] Kivy: v2.1.0
[INFO   ] Kivy: Installed at "C:\Users\Sthofy\AppData\Local\Programs\Python\Python310\lib\site-packages\kivy\__init__.py"
[INFO   ] Python: v3.10.7 (tags/v3.10.7:6cc6b13, Sep  5 2022, 14:08:36) [MSC v.1933 64 bit (AMD64)]
[INFO   ] Python: Interpreter at "C:\Users\Sthofy\AppData\Local\Programs\Python\Python310\python.exe"
[INFO   ] Logger: Purge log fired. Processing...
[INFO   ] Logger: Purge finished!
[INFO   ] KivyMD: 1.0.2, git-38fe356, 2022-08-11 (installed at "C:\Users\Sthofy\AppData\Local\Programs\Python\Python310\lib\site-packages\kivymd\__init__.py")
[INFO   ] Factory: 189 symbols loaded
[INFO   ] Image: Providers: img_tex, img_dds, img_sdl2, img_pil (img_ffpyplayer ignored)
[INFO   ] Text: Provider: sdl2
[INFO   ] Window: Provider: sdl2
[INFO   ] GL: Using the "OpenGL" graphics system
[INFO   ] GL: GLEW initialization succeeded
[INFO   ] GL: Backend used <glew>
[INFO   ] GL: OpenGL version <b'4.6.0 Compatibility Profile Context 22.8.2.220819'>
[INFO   ] GL: OpenGL vendor <b'ATI Technologies Inc.'>
[INFO   ] GL: OpenGL renderer <b'AMD Radeon RX 6600 XT'>
[INFO   ] GL: OpenGL parsed version: 4, 6
[INFO   ] GL: Shading version <b'4.60'>
[INFO   ] GL: Texture max size <16384>
[INFO   ] GL: Texture max units <32>
[INFO   ] Window: auto add sdl2 input provider
[INFO   ] Window: virtual keyboard not allowed, single mode, not docked
[INFO   ] GL: NPOT texture support is available
[WARNING] stderr: Traceback (most recent call last):
[WARNING] stderr:   File "kivy\properties.pyx", line 2229, in kivy.properties.ColorProperty.convert
[WARNING] stderr:   File "kivy\properties.pyx", line 2240, in kivy.properties.ColorProperty.parse_str
[WARNING] stderr:   File "C:\Users\Sthofy\AppData\Local\Programs\Python\Python310\lib\site-packages\kivy\utils.py", line 120, in get_color_from_hex
[WARNING] stderr:     value = [int(x, 16) / 255.
[WARNING] stderr:   File "C:\Users\Sthofy\AppData\Local\Programs\Python\Python310\lib\site-packages\kivy\utils.py", line 120, in <listcomp>
[WARNING] stderr:     value = [int(x, 16) / 255.
[WARNING] stderr: ValueError: invalid literal for int() with base 16: 't'
[WARNING] stderr: 
[WARNING] stderr: The above exception was the direct cause of the following exception:
[WARNING] stderr: 
[WARNING] stderr: Traceback (most recent call last):
[WARNING] stderr:   File "C:\Users\Sthofy\AppData\Local\Programs\Python\Python310\lib\site-packages\kivy\lang\builder.py", line 704, in _apply_rule
[WARNING] stderr:     setattr(widget_set, key, value)
[WARNING] stderr:   File "kivy\weakproxy.pyx", line 35, in kivy.weakproxy.WeakProxy.__setattr__
[WARNING] stderr:   File "kivy\properties.pyx", line 520, in kivy.properties.Property.__set__
[WARNING] stderr:   File "kivy\properties.pyx", line 549, in kivy.properties.Property.set
[WARNING] stderr:   File "kivy\properties.pyx", line 2232, in kivy.properties.ColorProperty.convert
[WARNING] stderr: ValueError: MDIconButton.md_bg_color has an invalid format (got 'Teal')
[WARNING] stderr: 
[WARNING] stderr: During handling of the above exception, another exception occurred:
[WARNING] stderr: 
[WARNING] stderr: Traceback (most recent call last):
[WARNING] stderr:   File "C:\Users\Sthofy\OneDrive\Dokumentumok\Programming\Python\F1GuessThePoleTime\Program\main.py", line 31, in <module>
[WARNING] stderr:     Main().run()
[WARNING] stderr:   File "C:\Users\Sthofy\AppData\Local\Programs\Python\Python310\lib\site-packages\kivy\app.py", line 954, in run
[WARNING] stderr:     self._run_prepare()
[WARNING] stderr:   File "C:\Users\Sthofy\AppData\Local\Programs\Python\Python310\lib\site-packages\kivy\app.py", line 924, in _run_prepare
[WARNING] stderr:     root = self.build()
[WARNING] stderr:   File "C:\Users\Sthofy\OneDrive\Dokumentumok\Programming\Python\F1GuessThePoleTime\Program\main.py", line 21, in build
[WARNING] stderr:     screens = [LoginWidget(name="login"), MainWidget(name='main')]
[WARNING] stderr:   File "C:\Users\Sthofy\AppData\Local\Programs\Python\Python310\lib\site-packages\kivy\uix\relativelayout.py", line 274, in __init__
[WARNING] stderr:     super(RelativeLayout, self).__init__(**kw)
[WARNING] stderr:   File "C:\Users\Sthofy\AppData\Local\Programs\Python\Python310\lib\site-packages\kivy\uix\floatlayout.py", line 65, in __init__
[WARNING] stderr:     super(FloatLayout, self).__init__(**kwargs)
[WARNING] stderr:   File "C:\Users\Sthofy\AppData\Local\Programs\Python\Python310\lib\site-packages\kivy\uix\layout.py", line 76, in __init__
[WARNING] stderr:     super(Layout, self).__init__(**kwargs)
[WARNING] stderr:   File "C:\Users\Sthofy\AppData\Local\Programs\Python\Python310\lib\site-packages\kivy\uix\widget.py", line 366, in __init__
[WARNING] stderr:     self.apply_class_lang_rules(
[WARNING] stderr:   File "C:\Users\Sthofy\AppData\Local\Programs\Python\Python310\lib\site-packages\kivy\uix\widget.py", line 470, in apply_class_lang_rules
[WARNING] stderr:     Builder.apply(
[WARNING] stderr:   File "C:\Users\Sthofy\AppData\Local\Programs\Python\Python310\lib\site-packages\kivy\lang\builder.py", line 540, in apply
[WARNING] stderr:     self._apply_rule(
[WARNING] stderr:   File "C:\Users\Sthofy\AppData\Local\Programs\Python\Python310\lib\site-packages\kivy\lang\builder.py", line 709, in _apply_rule
[WARNING] stderr:     raise BuilderException(rule.ctx, rule.line,
[WARNING] stderr: kivy.lang.builder.BuilderException: Parser: File "C:\Users\Sthofy\OneDrive\Dokumentumok\Programming\Python\F1GuessThePoleTime\Program\KV-files\loginpage.kv", line 17:
[WARNING] stderr: ...
[WARNING] stderr:      15:        icon:"login_variant"
[WARNING] stderr:      16:        icon_size:'64sp'
[WARNING] stderr: >>   17:        md_bg_color: 'Teal'
[WARNING] stderr:      18:        pos_hint:{'center_x':0.5,'center_y':0.3}
[WARNING] stderr: ...
[WARNING] stderr: ValueError: MDIconButton.md_bg_color has an invalid format (got 'Teal')
[WARNING] stderr:   File "C:\Users\Sthofy\AppData\Local\Programs\Python\Python310\lib\site-packages\kivy\lang\builder.py", line 704, in _apply_rule
[WARNING] stderr:     setattr(widget_set, key, value)
[WARNING] stderr:   File "kivy\weakproxy.pyx", line 35, in kivy.weakproxy.WeakProxy.__setattr__
[WARNING] stderr:   File "kivy\properties.pyx", line 520, in kivy.properties.Property.__set__
[WARNING] stderr:   File "kivy\properties.pyx", line 549, in kivy.properties.Property.set
[WARNING] stderr:   File "kivy\properties.pyx", line 2232, in kivy.properties.ColorProperty.convert
[WARNING] stderr: 
